
> my-v0-project@0.1.0 build
> next build

   Ă”Ă»â–“ Next.js 15.1.11

   Creating an optimized production build ...
 Ă”ÂŁĂ´ Compiled successfully
   Linting and checking validity of types ...
   Collecting page data ...
   Generating static pages (0/37) ...
ReferenceError: location is not defined
    at V (C:\Users\ampoy\Investor Showcase App\Investor Showcase App\Investor_showcase_app\Investor_showcase_app\.next\server\app\staff\announcements\page.js:1:6568)
ReferenceError: location is not defined
    at C (C:\Users\ampoy\Investor Showcase App\Investor Showcase App\Investor_showcase_app\Investor_showcase_app\.next\server\app\staff\blotters\page.js:1:4267)
ReferenceError: location is not defined
    at _ (C:\Users\ampoy\Investor Showcase App\Investor Showcase App\Investor_showcase_app\Investor_showcase_app\.next\server\app\staff\bayanihan\page.js:1:4381)
ReferenceError: location is not defined
    at E (C:\Users\ampoy\Investor Showcase App\Investor Showcase App\Investor_showcase_app\Investor_showcase_app\.next\server\app\staff\certificates\page.js:1:24465)
ReferenceError: location is not defined
    at S (C:\Users\ampoy\Investor Showcase App\Investor Showcase App\Investor_showcase_app\Investor_showcase_app\.next\server\app\staff\reports\page.js:1:3466)
   Generating static pages (9/37) 
   Generating static pages (18/37) 
   Generating static pages (27/37) 
 Ă”ÂŁĂ´ Generating static pages (37/37)
   Finalizing page optimization ...
   Collecting build traces ...

Route (app)                              Size     First Load JS
Ă”Ă¶Ă® Ă”ĂąĂŻ /                                    2.87 kB         125 kB
Ă”Ă¶ÂŁ Ă”ĂąĂŻ /_not-found                          212 B           106 kB
Ă”Ă¶ÂŁ Ă”ĂąĂŻ /announcements                       1.83 kB         123 kB
Ă”Ă¶ÂŁ ĂŁĂ† /announcements/[id]                  2.15 kB         130 kB
Ă”Ă¶ÂŁ ĂŁĂ† /api/ocr                             212 B           106 kB
Ă”Ă¶ÂŁ ĂŁĂ† /api/qrt-id/generate                 212 B           106 kB
Ă”Ă¶ÂŁ ĂŁĂ† /api/qrt-id/qr-code                  212 B           106 kB
Ă”Ă¶ÂŁ ĂŁĂ† /api/qrt-id/verify/[code]            212 B           106 kB
Ă”Ă¶ÂŁ ĂŁĂ† /api/qrt-id/verify/log               212 B           106 kB
Ă”Ă¶ÂŁ ĂŁĂ† /api/verify/[serial]                 212 B           106 kB
Ă”Ă¶ÂŁ Ă”ĂąĂŻ /bayanihan                           3.36 kB         154 kB
Ă”Ă¶ÂŁ Ă”ĂąĂŻ /blotter                             3.36 kB         154 kB
Ă”Ă¶ÂŁ ĂŁĂ† /certificate/[id]                    9.22 kB         146 kB
Ă”Ă¶ÂŁ Ă”ĂąĂŻ /dashboard                           20.3 kB         189 kB
Ă”Ă¶ÂŁ Ă”ĂąĂŻ /health-center                       3.36 kB         154 kB
Ă”Ă¶ÂŁ Ă”ĂąĂŻ /install                             3.05 kB         131 kB
Ă”Ă¶ÂŁ Ă”ĂąĂŻ /login                               4.74 kB         121 kB
Ă”Ă¶ÂŁ Ă”ĂąĂŻ /payment                             12.3 kB         161 kB
Ă”Ă¶ÂŁ Ă”ĂąĂŻ /payment/history                     4.87 kB         144 kB
Ă”Ă¶ÂŁ Ă”ĂąĂŻ /permits                             3.36 kB         154 kB
Ă”Ă¶ÂŁ Ă”ĂąĂŻ /profile                             5.57 kB         127 kB
Ă”Ă¶ÂŁ Ă”ĂąĂŻ /qrt-id                              525 B           107 kB
Ă”Ă¶ÂŁ ĂŁĂ† /qrt-id/[id]                         4.65 kB         181 kB
Ă”Ă¶ÂŁ Ă”ĂąĂŻ /qrt-id/request                      11.3 kB         198 kB
Ă”Ă¶ÂŁ Ă”ĂąĂŻ /register                            10.7 kB         127 kB
Ă”Ă¶ÂŁ Ă”ĂąĂŻ /register/success                    7.13 kB         162 kB
Ă”Ă¶ÂŁ Ă”ĂąĂŻ /request                             3.64 kB         156 kB
Ă”Ă¶ÂŁ Ă”ĂąĂŻ /requests                            7.48 kB         133 kB
Ă”Ă¶ÂŁ ĂŁĂ† /requests/qrt/[id]                   4.65 kB         181 kB
Ă”Ă¶ÂŁ Ă”ĂąĂŻ /staff/announcements                 8.14 kB         154 kB
Ă”Ă¶ÂŁ Ă”ĂąĂŻ /staff/bayanihan                     4.27 kB         151 kB
Ă”Ă¶ÂŁ ĂŁĂ† /staff/bayanihan/[id]                6.33 kB         165 kB
Ă”Ă¶ÂŁ Ă”ĂąĂŻ /staff/blotters                      10.1 kB         156 kB
Ă”Ă¶ÂŁ Ă”ĂąĂŻ /staff/captain                       10.6 kB         198 kB
Ă”Ă¶ÂŁ Ă”ĂąĂŻ /staff/certificates                  9.59 kB         159 kB
Ă”Ă¶ÂŁ Ă”ĂąĂŻ /staff/login                         5.34 kB         127 kB
Ă”Ă¶ÂŁ Ă”ĂąĂŻ /staff/qrt-management                3.28 kB         155 kB
Ă”Ă¶ÂŁ Ă”ĂąĂŻ /staff/qrt-verify                    7.54 kB         173 kB
Ă”Ă¶ÂŁ Ă”ĂąĂŻ /staff/reports                       9.33 kB         153 kB
Ă”Ă¶ÂŁ Ă”ĂąĂŻ /staff/secretary                     9.65 kB         138 kB
Ă”Ă¶ÂŁ Ă”ĂąĂŻ /staff/treasurer                     5.96 kB         131 kB
Ă”Ă¶ÂŁ Ă”ĂąĂŻ /taxes                               3.36 kB         154 kB
Ă”Ă¶Ă¶ ĂŁĂ† /verify/[serial]                     3.96 kB         126 kB
+ First Load JS shared by all            106 kB
  Ă”Ă¶ÂŁ chunks/1517-9e5d1781ce8e9f5e.js      50.8 kB
  Ă”Ă¶ÂŁ chunks/4bd1b696-193244142b3b5993.js  53 kB
  Ă”Ă¶Ă¶ other shared chunks (total)          2.21 kB


Ă”ĂąĂŻ  (Static)   prerendered as static content
ĂŁĂ†  (Dynamic)  server-rendered on demand

